<?xml version="1.0" encoding="UTF-8"?>
<!-- Generated by org.testng.reporters.JUnitReportReporter -->
<testsuite hostname="Sasidhar" failures="0" tests="4" name="com.saucedemo.tests.LoginTest_with_TestNG" time="37.838" errors="0" timestamp="2025-09-01T12:54:06 IST" skipped="0">
  <testcase classname="com.saucedemo.tests.LoginTest_with_TestNG" name="loginTest" time="7.576"/>
  <testcase classname="com.saucedemo.tests.LoginTest_with_TestNG" name="loginTest" time="2.531"/>
  <testcase classname="com.saucedemo.tests.LoginTest_with_TestNG" name="loginTest" time="23.949"/>
  <testcase classname="com.saucedemo.tests.LoginTest_with_TestNG" name="loginTest" time="3.782"/>
</testsuite> <!-- com.saucedemo.tests.LoginTest_with_TestNG -->
