<?xml version="1.0" encoding="UTF-8"?>
<!-- Generated by org.testng.reporters.JUnitReportReporter -->
<testsuite hostname="Sasidhar" failures="0" tests="4" name="com.saucedemo.tests.LoginTest_with_TestNG" time="39.313" errors="0" timestamp="2025-09-01T12:40:19 IST" skipped="0">
  <testcase classname="com.saucedemo.tests.LoginTest_with_TestNG" name="loginTest" time="9.803"/>
  <testcase classname="com.saucedemo.tests.LoginTest_with_TestNG" name="loginTest" time="3.266"/>
  <testcase classname="com.saucedemo.tests.LoginTest_with_TestNG" name="loginTest" time="22.176"/>
  <testcase classname="com.saucedemo.tests.LoginTest_with_TestNG" name="loginTest" time="4.068"/>
</testsuite> <!-- com.saucedemo.tests.LoginTest_with_TestNG -->
