<?xml version="1.0" encoding="UTF-8"?>
<!-- Generated by org.testng.reporters.JUnitReportReporter -->
<testsuite hostname="Sasidhar" failures="0" tests="4" name="com.saucedemo.tests.LoginTest_with_TestNG" time="51.857" errors="0" timestamp="2025-08-31T18:21:44 IST" skipped="0">
  <testcase classname="com.saucedemo.tests.LoginTest_with_TestNG" name="loginTest" time="6.696"/>
  <testcase classname="com.saucedemo.tests.LoginTest_with_TestNG" name="loginTest" time="12.235"/>
  <testcase classname="com.saucedemo.tests.LoginTest_with_TestNG" name="loginTest" time="6.591"/>
  <testcase classname="com.saucedemo.tests.LoginTest_with_TestNG" name="loginTest" time="26.335"/>
</testsuite> <!-- com.saucedemo.tests.LoginTest_with_TestNG -->
